<?xml version="1.0" encoding="UTF-8"?>
<!-- Generated by org.testng.reporters.JUnitReportReporter -->
<testsuite hostname="atari.local" name="edu.depaul.se491.engine.test.MatcherTest" tests="2" failures="0" timestamp="17 Jan 2013 01:10:47 GMT" time="0.040" errors="0">
  <testcase name="testAddingNewClassWithNull" time="0.001" classname="edu.depaul.se491.engine.test.MatcherTest"/>
  <testcase name="testAddingNewClass" time="0.039" classname="edu.depaul.se491.engine.test.MatcherTest"/>
</testsuite> <!-- edu.depaul.se491.engine.test.MatcherTest -->
