<?xml version="1.0" encoding="UTF-8"?>
<!-- Generated by org.testng.reporters.JUnitReportReporter -->
<testsuite hostname="atari.local" name="edu.depaul.se491.engine.test.VirtualClassTest" tests="1" failures="0" timestamp="29 Oct 2012 14:25:49 GMT" time="0.001" errors="0">
  <testcase name="testVirtualClass" time="0.001" classname="edu.depaul.se491.engine.test.VirtualClassTest"/>
</testsuite> <!-- edu.depaul.se491.engine.test.VirtualClassTest -->
