<?xml version="1.0" encoding="UTF-8"?>
<!-- Generated by org.testng.reporters.JUnitReportReporter -->
<testsuite hostname="loop-241-143.loop-wireless.depaul.edu" name="edu.depaul.se491.engine.test.MatcherTest" tests="2" failures="0" timestamp="29 Oct 2012 22:58:22 GMT" time="0.020" errors="0">
  <testcase name="testAddingNewClass" time="0.019" classname="edu.depaul.se491.engine.test.MatcherTest"/>
  <testcase name="testAddingNewClassWithNull" time="0.001" classname="edu.depaul.se491.engine.test.MatcherTest"/>
</testsuite> <!-- edu.depaul.se491.engine.test.MatcherTest -->
