<?xml version="1.0" encoding="UTF-8"?>
<!-- Generated by org.testng.reporters.JUnitReportReporter -->
<testsuite hostname="loop-241-143.loop-wireless.depaul.edu" name="edu.depaul.se491.engine.test.VirtualClassTest" tests="1" failures="0" timestamp="29 Oct 2012 22:58:22 GMT" time="0.000" errors="0">
  <testcase name="testVirtualClass" time="0.000" classname="edu.depaul.se491.engine.test.VirtualClassTest"/>
</testsuite> <!-- edu.depaul.se491.engine.test.VirtualClassTest -->
