<?xml version="1.0" encoding="UTF-8"?>
<!-- Generated by org.testng.reporters.JUnitReportReporter -->
<testsuite hostname="atari.local" name="edu.depaul.se491.engine.test.MatcherTest" tests="2" failures="0" timestamp="29 Oct 2012 14:25:49 GMT" time="0.023" errors="0">
  <testcase name="testAddingNewClassWithNull" time="0.000" classname="edu.depaul.se491.engine.test.MatcherTest"/>
  <testcase name="testAddingNewClass" time="0.023" classname="edu.depaul.se491.engine.test.MatcherTest"/>
</testsuite> <!-- edu.depaul.se491.engine.test.MatcherTest -->
