<?xml version="1.0" encoding="UTF-8" ?>
<testsuite failures="0" time="0.63" errors="0" skipped="0" tests="3" name="TestSuite">
  <properties>
    <property name="java.runtime.name" value="Java(TM) SE Runtime Environment"/>
    <property name="sun.boot.library.path" value="/System/Library/Java/JavaVirtualMachines/1.6.0.jdk/Contents/Libraries"/>
    <property name="java.vm.version" value="20.10-b01-428"/>
    <property name="awt.nativeDoubleBuffering" value="true"/>
    <property name="gopherProxySet" value="false"/>
    <property name="mrj.build" value="11M3811"/>
    <property name="java.vm.vendor" value="Apple Inc."/>
    <property name="java.vendor.url" value="http://www.apple.com/"/>
    <property name="path.separator" value=":"/>
    <property name="java.vm.name" value="Java HotSpot(TM) 64-Bit Server VM"/>
    <property name="file.encoding.pkg" value="sun.io"/>
    <property name="user.country" value="US"/>
    <property name="sun.java.launcher" value="SUN_STANDARD"/>
    <property name="sun.os.patch.level" value="unknown"/>
    <property name="java.vm.specification.name" value="Java Virtual Machine Specification"/>
    <property name="user.dir" value="/Users/jraitsev/Dropbox/dev/VirtualClassroom/se491project"/>
    <property name="java.runtime.version" value="1.6.0_35-b10-428-11M3811"/>
    <property name="java.awt.graphicsenv" value="apple.awt.CGraphicsEnvironment"/>
    <property name="basedir" value="/Users/jraitsev/Dropbox/dev/VirtualClassroom/se491project"/>
    <property name="java.endorsed.dirs" value="/System/Library/Java/JavaVirtualMachines/1.6.0.jdk/Contents/Home/lib/endorsed"/>
    <property name="os.arch" value="x86_64"/>
    <property name="surefire.real.class.path" value="/Users/jraitsev/Dropbox/dev/VirtualClassroom/se491project/target/surefire/surefirebooter1068925836412744001.jar"/>
    <property name="java.io.tmpdir" value="/var/folders/j3/5ypts_vx34zcrk5bwm4njxqm0000gn/T/"/>
    <property name="line.separator" value="
"/>
    <property name="java.vm.specification.vendor" value="Sun Microsystems Inc."/>
    <property name="os.name" value="Mac OS X"/>
    <property name="sun.jnu.encoding" value="MacRoman"/>
    <property name="java.library.path" value=".:/Library/Java/Extensions:/System/Library/Java/Extensions:/usr/lib/java"/>
    <property name="surefire.test.class.path" value="/Users/jraitsev/Dropbox/dev/VirtualClassroom/se491project/target/test-classes:/Users/jraitsev/Dropbox/dev/VirtualClassroom/se491project/target/classes:/Users/jraitsev/.m2/repository/org/apache/tomcat/servlet-api/6.0.35/servlet-api-6.0.35.jar:/Users/jraitsev/.m2/repository/junit/junit/4.8.2/junit-4.8.2.jar:/Users/jraitsev/.m2/repository/xdoclet/xdoclet/1.2/xdoclet-1.2.jar:/Users/jraitsev/.m2/repository/javax/validation/validation-api/1.0.0.GA/validation-api-1.0.0.GA.jar:/Users/jraitsev/.m2/repository/com/google/appengine/appengine-api-1.0-sdk/1.7.3/appengine-api-1.0-sdk-1.7.3.jar:/Users/jraitsev/.m2/repository/com/google/code/gson/gson/2.2.2/gson-2.2.2.jar:/Users/jraitsev/.m2/repository/org/testng/testng/6.8/testng-6.8.jar:/Users/jraitsev/.m2/repository/org/beanshell/bsh/2.0b4/bsh-2.0b4.jar:/Users/jraitsev/.m2/repository/com/beust/jcommander/1.27/jcommander-1.27.jar:/Users/jraitsev/.m2/repository/org/yaml/snakeyaml/1.6/snakeyaml-1.6.jar:/Users/jraitsev/.m2/repository/org/hamcrest/hamcrest-core/1.3/hamcrest-core-1.3.jar:/Users/jraitsev/.m2/repository/org/hamcrest/hamcrest-library/1.3/hamcrest-library-1.3.jar:/Users/jraitsev/.m2/repository/commons-logging/commons-logging/1.1.1/commons-logging-1.1.1.jar:/Users/jraitsev/.m2/repository/log4j/log4j/1.2.17/log4j-1.2.17.jar:/Users/jraitsev/.m2/repository/org/springframework/spring-context/3.1.2.RELEASE/spring-context-3.1.2.RELEASE.jar:/Users/jraitsev/.m2/repository/org/springframework/spring-core/3.1.2.RELEASE/spring-core-3.1.2.RELEASE.jar:/Users/jraitsev/.m2/repository/org/springframework/spring-beans/3.1.2.RELEASE/spring-beans-3.1.2.RELEASE.jar:/Users/jraitsev/.m2/repository/org/springframework/spring-expression/3.1.2.RELEASE/spring-expression-3.1.2.RELEASE.jar:/Users/jraitsev/.m2/repository/org/springframework/spring-web/3.1.2.RELEASE/spring-web-3.1.2.RELEASE.jar:/Users/jraitsev/.m2/repository/aopalliance/aopalliance/1.0/aopalliance-1.0.jar:/Users/jraitsev/.m2/repository/org/springframework/spring-webmvc/3.1.2.RELEASE/spring-webmvc-3.1.2.RELEASE.jar:/Users/jraitsev/.m2/repository/org/springframework/spring-context-support/3.1.2.RELEASE/spring-context-support-3.1.2.RELEASE.jar:/Users/jraitsev/.m2/repository/org/springframework/spring-jdbc/3.1.2.RELEASE/spring-jdbc-3.1.2.RELEASE.jar:/Users/jraitsev/.m2/repository/org/springframework/spring-asm/3.1.2.RELEASE/spring-asm-3.1.2.RELEASE.jar:/Users/jraitsev/.m2/repository/org/springframework/spring-aop/3.1.2.RELEASE/spring-aop-3.1.2.RELEASE.jar:/Users/jraitsev/.m2/repository/org/springframework/spring-tx/3.1.2.RELEASE/spring-tx-3.1.2.RELEASE.jar:/Users/jraitsev/.m2/repository/org/hibernate/hibernate-validator/4.1.0.Final/hibernate-validator-4.1.0.Final.jar:/Users/jraitsev/.m2/repository/javax/transaction/jta/1.1/jta-1.1.jar:/Users/jraitsev/.m2/repository/net/sf/jsr107cache/jsr107cache/1.1/jsr107cache-1.1.jar:/Users/jraitsev/.m2/repository/javax/jdo/jdo-api/3.0.1/jdo-api-3.0.1.jar:/Users/jraitsev/.m2/repository/org/apache/geronimo/specs/geronimo-jpa_2.0_spec/1.0/geronimo-jpa_2.0_spec-1.0.jar:/Users/jraitsev/.m2/repository/org/datanucleus/datanucleus-core/3.1.0-m5/datanucleus-core-3.1.0-m5.jar:/Users/jraitsev/.m2/repository/com/google/appengine/orm/datanucleus-appengine/2.1.0-final/datanucleus-appengine-2.1.0-final.jar:/Users/jraitsev/.m2/repository/org/datanucleus/datanucleus-enhancer/3.1.1/datanucleus-enhancer-3.1.1.jar:/Users/jraitsev/.m2/repository/org/ow2/asm/asm/4.0/asm-4.0.jar:/Users/jraitsev/.m2/repository/org/datanucleus/datanucleus-api-jdo/3.1.0-m3/datanucleus-api-jdo-3.1.0-m3.jar:/Users/jraitsev/.m2/repository/org/datanucleus/datanucleus-api-jpa/3.1.0-m3/datanucleus-api-jpa-3.1.0-m3.jar:/Users/jraitsev/.m2/repository/com/opentok/api/opentok-java-sdk/0.91.57/opentok-java-sdk-0.91.57.jar:/Users/jraitsev/.m2/repository/org/apache/tiles/tiles-jsp/2.2.2/tiles-jsp-2.2.2.jar:/Users/jraitsev/.m2/repository/org/apache/tiles/tiles-el/2.2.2/tiles-el-2.2.2.jar:/Users/jraitsev/.m2/repository/org/apache/tiles/tiles-core/2.2.2/tiles-core-2.2.2.jar:/Users/jraitsev/.m2/repository/org/slf4j/jcl-over-slf4j/1.5.8/jcl-over-slf4j-1.5.8.jar:/Users/jraitsev/.m2/repository/org/apache/tiles/tiles-api/2.2.2/tiles-api-2.2.2.jar:/Users/jraitsev/.m2/repository/org/apache/tiles/tiles-servlet/2.2.2/tiles-servlet-2.2.2.jar:/Users/jraitsev/.m2/repository/org/apache/tiles/tiles-template/2.2.2/tiles-template-2.2.2.jar:/Users/jraitsev/.m2/repository/org/slf4j/slf4j-api/1.5.8/slf4j-api-1.5.8.jar:/Users/jraitsev/.m2/repository/org/slf4j/slf4j-log4j12/1.4.2/slf4j-log4j12-1.4.2.jar:/Users/jraitsev/.m2/repository/commons-beanutils/commons-beanutils/1.8.0/commons-beanutils-1.8.0.jar:/Users/jraitsev/.m2/repository/commons-digester/commons-digester/2.0/commons-digester-2.0.jar:/Users/jraitsev/.m2/repository/jstl/jstl/1.2/jstl-1.2.jar:/Users/jraitsev/.m2/repository/asm/asm/3.3.1/asm-3.3.1.jar:"/>
    <property name="java.specification.name" value="Java Platform API Specification"/>
    <property name="java.class.version" value="50.0"/>
    <property name="sun.management.compiler" value="HotSpot 64-Bit Tiered Compilers"/>
    <property name="os.version" value="10.8.2"/>
    <property name="http.nonProxyHosts" value="local|*.local|169.254/16|*.169.254/16"/>
    <property name="user.home" value="/Users/jraitsev"/>
    <property name="user.timezone" value="America/Chicago"/>
    <property name="java.awt.printerjob" value="apple.awt.CPrinterJob"/>
    <property name="java.specification.version" value="1.6"/>
    <property name="file.encoding" value="MacRoman"/>
    <property name="user.name" value="jraitsev"/>
    <property name="java.class.path" value="/Users/jraitsev/Dropbox/dev/VirtualClassroom/se491project/target/test-classes:/Users/jraitsev/Dropbox/dev/VirtualClassroom/se491project/target/classes:/Users/jraitsev/.m2/repository/org/apache/tomcat/servlet-api/6.0.35/servlet-api-6.0.35.jar:/Users/jraitsev/.m2/repository/junit/junit/4.8.2/junit-4.8.2.jar:/Users/jraitsev/.m2/repository/xdoclet/xdoclet/1.2/xdoclet-1.2.jar:/Users/jraitsev/.m2/repository/javax/validation/validation-api/1.0.0.GA/validation-api-1.0.0.GA.jar:/Users/jraitsev/.m2/repository/com/google/appengine/appengine-api-1.0-sdk/1.7.3/appengine-api-1.0-sdk-1.7.3.jar:/Users/jraitsev/.m2/repository/com/google/code/gson/gson/2.2.2/gson-2.2.2.jar:/Users/jraitsev/.m2/repository/org/testng/testng/6.8/testng-6.8.jar:/Users/jraitsev/.m2/repository/org/beanshell/bsh/2.0b4/bsh-2.0b4.jar:/Users/jraitsev/.m2/repository/com/beust/jcommander/1.27/jcommander-1.27.jar:/Users/jraitsev/.m2/repository/org/yaml/snakeyaml/1.6/snakeyaml-1.6.jar:/Users/jraitsev/.m2/repository/org/hamcrest/hamcrest-core/1.3/hamcrest-core-1.3.jar:/Users/jraitsev/.m2/repository/org/hamcrest/hamcrest-library/1.3/hamcrest-library-1.3.jar:/Users/jraitsev/.m2/repository/commons-logging/commons-logging/1.1.1/commons-logging-1.1.1.jar:/Users/jraitsev/.m2/repository/log4j/log4j/1.2.17/log4j-1.2.17.jar:/Users/jraitsev/.m2/repository/org/springframework/spring-context/3.1.2.RELEASE/spring-context-3.1.2.RELEASE.jar:/Users/jraitsev/.m2/repository/org/springframework/spring-core/3.1.2.RELEASE/spring-core-3.1.2.RELEASE.jar:/Users/jraitsev/.m2/repository/org/springframework/spring-beans/3.1.2.RELEASE/spring-beans-3.1.2.RELEASE.jar:/Users/jraitsev/.m2/repository/org/springframework/spring-expression/3.1.2.RELEASE/spring-expression-3.1.2.RELEASE.jar:/Users/jraitsev/.m2/repository/org/springframework/spring-web/3.1.2.RELEASE/spring-web-3.1.2.RELEASE.jar:/Users/jraitsev/.m2/repository/aopalliance/aopalliance/1.0/aopalliance-1.0.jar:/Users/jraitsev/.m2/repository/org/springframework/spring-webmvc/3.1.2.RELEASE/spring-webmvc-3.1.2.RELEASE.jar:/Users/jraitsev/.m2/repository/org/springframework/spring-context-support/3.1.2.RELEASE/spring-context-support-3.1.2.RELEASE.jar:/Users/jraitsev/.m2/repository/org/springframework/spring-jdbc/3.1.2.RELEASE/spring-jdbc-3.1.2.RELEASE.jar:/Users/jraitsev/.m2/repository/org/springframework/spring-asm/3.1.2.RELEASE/spring-asm-3.1.2.RELEASE.jar:/Users/jraitsev/.m2/repository/org/springframework/spring-aop/3.1.2.RELEASE/spring-aop-3.1.2.RELEASE.jar:/Users/jraitsev/.m2/repository/org/springframework/spring-tx/3.1.2.RELEASE/spring-tx-3.1.2.RELEASE.jar:/Users/jraitsev/.m2/repository/org/hibernate/hibernate-validator/4.1.0.Final/hibernate-validator-4.1.0.Final.jar:/Users/jraitsev/.m2/repository/javax/transaction/jta/1.1/jta-1.1.jar:/Users/jraitsev/.m2/repository/net/sf/jsr107cache/jsr107cache/1.1/jsr107cache-1.1.jar:/Users/jraitsev/.m2/repository/javax/jdo/jdo-api/3.0.1/jdo-api-3.0.1.jar:/Users/jraitsev/.m2/repository/org/apache/geronimo/specs/geronimo-jpa_2.0_spec/1.0/geronimo-jpa_2.0_spec-1.0.jar:/Users/jraitsev/.m2/repository/org/datanucleus/datanucleus-core/3.1.0-m5/datanucleus-core-3.1.0-m5.jar:/Users/jraitsev/.m2/repository/com/google/appengine/orm/datanucleus-appengine/2.1.0-final/datanucleus-appengine-2.1.0-final.jar:/Users/jraitsev/.m2/repository/org/datanucleus/datanucleus-enhancer/3.1.1/datanucleus-enhancer-3.1.1.jar:/Users/jraitsev/.m2/repository/org/ow2/asm/asm/4.0/asm-4.0.jar:/Users/jraitsev/.m2/repository/org/datanucleus/datanucleus-api-jdo/3.1.0-m3/datanucleus-api-jdo-3.1.0-m3.jar:/Users/jraitsev/.m2/repository/org/datanucleus/datanucleus-api-jpa/3.1.0-m3/datanucleus-api-jpa-3.1.0-m3.jar:/Users/jraitsev/.m2/repository/com/opentok/api/opentok-java-sdk/0.91.57/opentok-java-sdk-0.91.57.jar:/Users/jraitsev/.m2/repository/org/apache/tiles/tiles-jsp/2.2.2/tiles-jsp-2.2.2.jar:/Users/jraitsev/.m2/repository/org/apache/tiles/tiles-el/2.2.2/tiles-el-2.2.2.jar:/Users/jraitsev/.m2/repository/org/apache/tiles/tiles-core/2.2.2/tiles-core-2.2.2.jar:/Users/jraitsev/.m2/repository/org/slf4j/jcl-over-slf4j/1.5.8/jcl-over-slf4j-1.5.8.jar:/Users/jraitsev/.m2/repository/org/apache/tiles/tiles-api/2.2.2/tiles-api-2.2.2.jar:/Users/jraitsev/.m2/repository/org/apache/tiles/tiles-servlet/2.2.2/tiles-servlet-2.2.2.jar:/Users/jraitsev/.m2/repository/org/apache/tiles/tiles-template/2.2.2/tiles-template-2.2.2.jar:/Users/jraitsev/.m2/repository/org/slf4j/slf4j-api/1.5.8/slf4j-api-1.5.8.jar:/Users/jraitsev/.m2/repository/org/slf4j/slf4j-log4j12/1.4.2/slf4j-log4j12-1.4.2.jar:/Users/jraitsev/.m2/repository/commons-beanutils/commons-beanutils/1.8.0/commons-beanutils-1.8.0.jar:/Users/jraitsev/.m2/repository/commons-digester/commons-digester/2.0/commons-digester-2.0.jar:/Users/jraitsev/.m2/repository/jstl/jstl/1.2/jstl-1.2.jar:/Users/jraitsev/.m2/repository/asm/asm/3.3.1/asm-3.3.1.jar:"/>
    <property name="java.vm.specification.version" value="1.0"/>
    <property name="sun.arch.data.model" value="64"/>
    <property name="java.home" value="/System/Library/Java/JavaVirtualMachines/1.6.0.jdk/Contents/Home"/>
    <property name="sun.java.command" value="/Users/jraitsev/Dropbox/dev/VirtualClassroom/se491project/target/surefire/surefirebooter1068925836412744001.jar /Users/jraitsev/Dropbox/dev/VirtualClassroom/se491project/target/surefire/surefire1914382503363831203tmp /Users/jraitsev/Dropbox/dev/VirtualClassroom/se491project/target/surefire/surefire971965876633129666tmp"/>
    <property name="java.specification.vendor" value="Sun Microsystems Inc."/>
    <property name="user.language" value="en"/>
    <property name="awt.toolkit" value="apple.awt.CToolkit"/>
    <property name="java.vm.info" value="mixed mode"/>
    <property name="java.version" value="1.6.0_35"/>
    <property name="java.ext.dirs" value="/Library/Java/Extensions:/System/Library/Java/Extensions:/System/Library/Java/JavaVirtualMachines/1.6.0.jdk/Contents/Home/lib/ext"/>
    <property name="sun.boot.class.path" value="/System/Library/Java/JavaVirtualMachines/1.6.0.jdk/Contents/Classes/jsfd.jar:/System/Library/Java/JavaVirtualMachines/1.6.0.jdk/Contents/Classes/classes.jar:/System/Library/Frameworks/JavaVM.framework/Frameworks/JavaRuntimeSupport.framework/Resources/Java/JavaRuntimeSupport.jar:/System/Library/Java/JavaVirtualMachines/1.6.0.jdk/Contents/Classes/ui.jar:/System/Library/Java/JavaVirtualMachines/1.6.0.jdk/Contents/Classes/laf.jar:/System/Library/Java/JavaVirtualMachines/1.6.0.jdk/Contents/Classes/sunrsasign.jar:/System/Library/Java/JavaVirtualMachines/1.6.0.jdk/Contents/Classes/jsse.jar:/System/Library/Java/JavaVirtualMachines/1.6.0.jdk/Contents/Classes/jce.jar:/System/Library/Java/JavaVirtualMachines/1.6.0.jdk/Contents/Classes/charsets.jar"/>
    <property name="java.vendor" value="Apple Inc."/>
    <property name="localRepository" value="/Users/jraitsev/.m2/repository"/>
    <property name="file.separator" value="/"/>
    <property name="java.vendor.url.bug" value="http://bugreport.apple.com/"/>
    <property name="sun.cpu.endian" value="little"/>
    <property name="sun.io.unicode.encoding" value="UnicodeLittle"/>
    <property name="mrj.version" value="1070.1.6.0_35-428"/>
    <property name="socksNonProxyHosts" value="local|*.local|169.254/16|*.169.254/16"/>
    <property name="ftp.nonProxyHosts" value="local|*.local|169.254/16|*.169.254/16"/>
    <property name="sun.cpu.isalist" value=""/>
  </properties>
  <testcase time="0.017" classname="edu.depaul.se491.engine.test.MatcherTest" name="testAddingNewClass"/>
  <testcase time="0" classname="edu.depaul.se491.engine.test.MatcherTest" name="testAddingNewClassWithNull"/>
  <testcase time="0" classname="edu.depaul.se491.engine.test.VirtualClassTest" name="testVirtualClass"/>
</testsuite>