<?xml version="1.0" encoding="UTF-8"?>
<!-- Generated by org.testng.reporters.JUnitReportReporter -->
<testsuite hostname="atari.local" name="edu.depaul.se491.engine.test.MatcherTest" tests="2" failures="0" timestamp="14 Oct 2012 19:41:12 GMT" time="0.078" errors="0">
  <testcase name="testAddingNewClass" time="0.077" classname="edu.depaul.se491.engine.test.MatcherTest"/>
  <testcase name="testAddingNewClassWithNull" time="0.001" classname="edu.depaul.se491.engine.test.MatcherTest"/>
</testsuite> <!-- edu.depaul.se491.engine.test.MatcherTest -->
